<?xml version="1.0" encoding="UTF-8"?>
<!-- Generated by org.testng.reporters.JUnitXMLReporter -->
<testsuite hostname="LAPTOP-O8C300U5" ignored="0" name="Default test" tests="5" failures="0" timestamp="2019-12-30T10:05:35 IST" time="46.237" errors="0">
  <testcase name="searchRelatedTo" time="5.702" classname="com.Vtiger.OpportunityModule.OpportunitymoduleTC34"/>
  <testcase name="serachOpportunityNo" time="5.154" classname="com.Vtiger.OpportunityModule.OpportunityModuleTC32"/>
  <testcase name="serachOppLeadSource" time="5.502" classname="com.Vtiger.OpportunityModule.OpportunityModuleTC36"/>
  <testcase name="serachOpportunityName" time="5.56" classname="com.Vtiger.OpportunityModule.OpportunityModuleTC33"/>
  <testcase name="searchSaleStage" time="5.487" classname="com.Vtiger.OpportunityModule.OpporunityModuleTC35"/>
</testsuite> <!-- Default test -->
