<?xml version="1.0" encoding="UTF-8"?>
<!-- Generated by org.testng.reporters.JUnitXMLReporter -->
<testsuite hostname="LAPTOP-O8C300U5" ignored="0" name="Test" tests="5" failures="0" timestamp="2020-03-09T16:48:14 IST" time="92.42" errors="0">
  <testcase name="searchSaleStage" time="7.969" classname="com.Vtiger.OpportunityModule.OpporunityModuleTC35"/>
  <testcase name="serachOpportunityNo" time="11.433" classname="com.Vtiger.OpportunityModule.OpportunityModuleTC32"/>
  <testcase name="searchRelatedTo" time="13.021" classname="com.Vtiger.OpportunityModule.OpportunitymoduleTC34"/>
  <testcase name="serachOpportunityName" time="13.793" classname="com.Vtiger.OpportunityModule.OpportunityModuleTC33"/>
  <testcase name="serachOppLeadSource" time="13.9" classname="com.Vtiger.OpportunityModule.OpportunityModuleTC36"/>
</testsuite> <!-- Test -->
