<?xml version="1.0" encoding="UTF-8"?>
<!-- Generated by org.testng.reporters.JUnitXMLReporter -->
<testsuite hostname="LAPTOP-O8C300U5" ignored="0" name="Test" tests="5" failures="0" timestamp="2020-01-05T12:20:50 IST" time="97.86" errors="0">
  <testcase name="searchSaleStage" time="12.984" classname="com.Vtiger.OpportunityModule.OpporunityModuleTC35"/>
  <testcase name="serachOpportunityNo" time="12.085" classname="com.Vtiger.OpportunityModule.OpportunityModuleTC32"/>
  <testcase name="searchRelatedTo" time="13.115" classname="com.Vtiger.OpportunityModule.OpportunitymoduleTC34"/>
  <testcase name="serachOpportunityName" time="12.002" classname="com.Vtiger.OpportunityModule.OpportunityModuleTC33"/>
  <testcase name="serachOppLeadSource" time="11.436" classname="com.Vtiger.OpportunityModule.OpportunityModuleTC36"/>
</testsuite> <!-- Test -->
